<?xml version="1.0" encoding="UTF-8"?>
<testsuite xmlns:xsi="http://www.w3.org/2001/XMLSchema-instance" xsi:noNamespaceSchemaLocation="https://maven.apache.org/surefire/maven-surefire-plugin/xsd/surefire-test-report-3.0.xsd" version="3.0" name="com.ureclive.urec_live_backend.UrecLiveBackendApplicationTests" time="8.58" tests="1" errors="0" skipped="0" failures="0">
  <properties>
[...]
</properties>
  <testcase name="contextLoads" classname="com.ureclive.urec_live_backend.UrecLiveBackendApplicationTests" time="0.388">
    <system-out><![CDATA[17:16:38.181 [main] INFO org.springframework.test.context.support.AnnotationConfigContextLoaderUtils -- Could not detect default configuration classes for test class [com.ureclive.urec_live_backend.UrecLiveBackendApplicationTests]: UrecLiveBackendApplicationTests does not declare any static, non-private, non-final, nested classes annotated with @Configuration.
17:16:38.332 [main] INFO org.springframework.boot.test.context.SpringBootTestContextBootstrapper -- Found @SpringBootConfiguration com.ureclive.urec_live_backend.UrecLiveBackendApplication for test class com.ureclive.urec_live_backend.UrecLiveBackendApplicationTests

  .   ____          _            __ _ _
 /\\ / ___'_ __ _ _(_)_ __  __ _ \ \ \ \
( ( )\___ | '_ | '_| | '_ \/ _` | \ \ \ \
 \\/  ___)| |_)| | | | | || (_| |  ) ) ) )
  '  |____| .__|_| |_|_| |_\__, | / / / /
 =========|_|==============|___/=/_/_/_/

 :: Spring Boot ::                (v3.3.3)

2025-11-21T17:16:38.814-05:00  INFO 30836 --- [URECLiveBackend] [           main] c.u.u.UrecLiveBackendApplicationTests    : Starting UrecLiveBackendApplicationTests using Java 24.0.2 with PID 30836 (started by admin in D:\PROJECTS\urec-live-backend)
2025-11-21T17:16:38.815-05:00  INFO 30836 --- [URECLiveBackend] [           main] c.u.u.UrecLiveBackendApplicationTests    : No active profile set, falling back to 1 default profile: "default"
2025-11-21T17:16:39.691-05:00  INFO 30836 --- [URECLiveBackend] [           main] .s.d.r.c.RepositoryConfigurationDelegate : Bootstrapping Spring Data JPA repositories in DEFAULT mode.
2025-11-21T17:16:39.760-05:00  INFO 30836 --- [URECLiveBackend] [           main] .s.d.r.c.RepositoryConfigurationDelegate : Finished Spring Data repository scanning in 56 ms. Found 3 JPA repository interfaces.
2025-11-21T17:16:40.394-05:00  INFO 30836 --- [URECLiveBackend] [           main] o.hibernate.jpa.internal.util.LogHelper  : HHH000204: Processing PersistenceUnitInfo [name: default]
2025-11-21T17:16:40.476-05:00  INFO 30836 --- [URECLiveBackend] [           main] org.hibernate.Version                    : HHH000412: Hibernate ORM core version 6.5.2.Final
2025-11-21T17:16:40.541-05:00  INFO 30836 --- [URECLiveBackend] [           main] o.h.c.internal.RegionFactoryInitiator    : HHH000026: Second-level cache disabled
2025-11-21T17:16:41.026-05:00  INFO 30836 --- [URECLiveBackend] [           main] o.s.o.j.p.SpringPersistenceUnitInfo      : No LoadTimeWeaver setup: ignoring JPA class transformer
2025-11-21T17:16:41.063-05:00  INFO 30836 --- [URECLiveBackend] [           main] com.zaxxer.hikari.HikariDataSource       : HikariPool-1 - Starting...
2025-11-21T17:16:41.870-05:00  INFO 30836 --- [URECLiveBackend] [           main] com.zaxxer.hikari.pool.HikariPool        : HikariPool-1 - Added connection org.postgresql.jdbc.PgConnection@2f60cbf2
2025-11-21T17:16:41.872-05:00  INFO 30836 --- [URECLiveBackend] [           main] com.zaxxer.hikari.HikariDataSource       : HikariPool-1 - Start completed.
2025-11-21T17:16:41.926-05:00  WARN 30836 --- [URECLiveBackend] [           main] org.hibernate.orm.deprecation            : HHH90000025: PostgreSQLDialect does not need to be specified explicitly using 'hibernate.dialect' (remove the property setting and it will be selected by default)
2025-11-21T17:16:43.038-05:00  INFO 30836 --- [URECLiveBackend] [           main] o.h.e.t.j.p.i.JtaPlatformInitiator       : HHH000489: No JTA platform available (set 'hibernate.transaction.jta.platform' to enable JTA platform integration)
Hibernate: create table machine (id bigint generated by default as identity, exercise varchar(255), name varchar(255), status varchar(255), primary key (id))
Hibernate: create table roles (id bigint generated by default as identity, name varchar(255) not null, primary key (id))
Hibernate: create table user_roles (user_id bigint not null, role_id bigint not null, primary key (user_id, role_id))
Hibernate: create table users (id bigint generated by default as identity, email varchar(255) not null, enabled boolean not null, password varchar(255) not null, username varchar(255) not null, primary key (id))
Hibernate: alter table if exists roles drop constraint if exists UKofx66keruapi6vyqpv6f2or37
2025-11-21T17:16:43.391-05:00  WARN 30836 --- [URECLiveBackend] [           main] o.h.engine.jdbc.spi.SqlExceptionHelper   : SQL Warning Code: 0, SQLState: 00000
2025-11-21T17:16:43.391-05:00  WARN 30836 --- [URECLiveBackend] [           main] o.h.engine.jdbc.spi.SqlExceptionHelper   : constraint "ukofx66keruapi6vyqpv6f2or37" of relation "roles" does not exist, skipping
Hibernate: alter table if exists roles add constraint UKofx66keruapi6vyqpv6f2or37 unique (name)
Hibernate: alter table if exists users drop constraint if exists UK6dotkott2kjsp8vw4d0m25fb7
2025-11-21T17:16:43.436-05:00  WARN 30836 --- [URECLiveBackend] [           main] o.h.engine.jdbc.spi.SqlExceptionHelper   : SQL Warning Code: 0, SQLState: 00000
2025-11-21T17:16:43.436-05:00  WARN 30836 --- [URECLiveBackend] [           main] o.h.engine.jdbc.spi.SqlExceptionHelper   : constraint "uk6dotkott2kjsp8vw4d0m25fb7" of relation "users" does not exist, skipping
Hibernate: alter table if exists users add constraint UK6dotkott2kjsp8vw4d0m25fb7 unique (email)
Hibernate: alter table if exists users drop constraint if exists UKr43af9ap4edm43mmtq01oddj6
2025-11-21T17:16:43.479-05:00  WARN 30836 --- [URECLiveBackend] [           main] o.h.engine.jdbc.spi.SqlExceptionHelper   : SQL Warning Code: 0, SQLState: 00000
2025-11-21T17:16:43.479-05:00  WARN 30836 --- [URECLiveBackend] [           main] o.h.engine.jdbc.spi.SqlExceptionHelper   : constraint "ukr43af9ap4edm43mmtq01oddj6" of relation "users" does not exist, skipping
Hibernate: alter table if exists users add constraint UKr43af9ap4edm43mmtq01oddj6 unique (username)
Hibernate: alter table if exists user_roles add constraint FKh8ciramu9cc9q3qcqiv4ue8a6 foreign key (role_id) references roles
Hibernate: alter table if exists user_roles add constraint FKhfh9dx7w3ubf1co1vdev94g3f foreign key (user_id) references users
2025-11-21T17:16:43.557-05:00  INFO 30836 --- [URECLiveBackend] [           main] j.LocalContainerEntityManagerFactoryBean : Initialized JPA EntityManagerFactory for persistence unit 'default'
2025-11-21T17:16:44.103-05:00  WARN 30836 --- [URECLiveBackend] [           main] JpaBaseConfiguration$JpaWebConfiguration : spring.jpa.open-in-view is enabled by default. Therefore, database queries may be performed during view rendering. Explicitly configure spring.jpa.open-in-view to disable this warning
2025-11-21T17:16:44.183-05:00  INFO 30836 --- [URECLiveBackend] [           main] eAuthenticationProviderManagerConfigurer : Global AuthenticationManager configured with AuthenticationProvider bean with name authenticationProvider
2025-11-21T17:16:44.184-05:00  WARN 30836 --- [URECLiveBackend] [           main] r$InitializeUserDetailsManagerConfigurer : Global AuthenticationManager configured with an AuthenticationProvider bean. UserDetailsService beans will not be used for username/password login. Consider removing the AuthenticationProvider bean. Alternatively, consider using the UserDetailsService in a manually instantiated DaoAuthenticationProvider.
2025-11-21T17:16:45.306-05:00  INFO 30836 --- [URECLiveBackend] [           main] c.u.u.UrecLiveBackendApplicationTests    : Started UrecLiveBackendApplicationTests in 6.819 seconds (process running for 7.902)
Hibernate: select count(*) from machine m1_0
Hibernate: insert into machine (exercise,name,status) values (?,?,?) returning id
Hibernate: insert into machine (exercise,name,status) values (?,?,?) returning id
Hibernate: insert into machine (exercise,name,status) values (?,?,?) returning id
Hibernate: insert into machine (exercise,name,status) values (?,?,?) returning id
Hibernate: insert into machine (exercise,name,status) values (?,?,?) returning id
Hibernate: insert into machine (exercise,name,status) values (?,?,?) returning id
Hibernate: insert into machine (exercise,name,status) values (?,?,?) returning id
Hibernate: insert into machine (exercise,name,status) values (?,?,?) returning id
✅ Loaded exercise-specific machine data into database.
]]></system-out>
    <system-err><![CDATA[WARNING: A Java agent has been loaded dynamically (C:\Users\admin\.m2\repository\net\bytebuddy\byte-buddy-agent\1.14.19\byte-buddy-agent-1.14.19.jar)
WARNING: If a serviceability tool is in use, please run with -XX:+EnableDynamicAgentLoading to hide this warning
WARNING: If a serviceability tool is not in use, please run with -Djdk.instrument.traceUsage for more information
WARNING: Dynamic loading of agents will be disallowed by default in a future release
]]></system-err>
  </testcase>
</testsuite>